app/build/outputs/mapping/release/seeds.txt
com.gibeom.ofriendsmobile.R$id: int mtrl_picker_title_text
com.gibeom.ofriendsmobile.R$id: int save_overlay_view
com.gibeom.ofriendsmobile.R$id: int accessibility_custom_action_17
com.gibeom.ofriendsmobile.R$id: int nav_fragment
com.gibeom.ofriendsmobile.R$id: int mtrl_internal_children_alpha_tag
com.gibeom.ofriendsmobile.R$id: int tBNavigate
com.gibeom.ofriendsmobile.R$id: int gLRightMargin
com.gibeom.ofriendsmobile.R$id: int async
com.gibeom.ofriendsmobile.R$id: int cLCatEntire
com.gibeom.ofriendsmobile.R$id: int tVLoc
com.gibeom.ofriendsmobile.R$id: int mtrl_calendar_frame
com.gibeom.ofriendsmobile.R$id: int none
com.gibeom.ofriendsmobile.R$id: int mtrl_picker_header_toggle
com.gibeom.ofriendsmobile.productdetail.ui.ProductDetailFragment: ProductDetailFragment()
com.gibeom.ofriendsmobile.R$id: int ghost_view_holder
com.gibeom.ofriendsmobile.R$id: int filter_chip
com.gibeom.ofriendsmobile.R$id: int listMode
com.gibeom.ofriendsmobile.R$id: int useLogo
com.gibeom.ofriendsmobile.home.ui.HomeFragment
com.gibeom.ofriendsmobile.R$id: int content
com.gibeom.ofriendsmobile.R$id: int design_menu_item_action_area
com.gibeom.ofriendsmobile.R$id: int fixed
com.gibeom.ofriendsmobile.R$id: int gLEditText
com.gibeom.ofriendsmobile.R$id: int accessibility_custom_action_23
com.gibeom.ofriendsmobile.R$id: int iVRiImage
com.gibeom.ofriendsmobile.R$id: int action_bar_spinner
com.gibeom.ofriendsmobile.R$id: int accessibility_custom_action_30
com.gibeom.ofriendsmobile.R$id: int mini
com.gibeom.ofriendsmobile.promo.ui.PromoFragment
com.gibeom.ofriendsmobile.R$id: int iCNoContent
com.gibeom.ofriendsmobile.R$id: int mtrl_picker_text_input_range_end
com.gibeom.ofriendsmobile.R$id: int submenuarrow
com.gibeom.ofriendsmobile.R$id: int promoFragment
com.gibeom.ofriendsmobile.R$id: int skipCollapsed
com.gibeom.ofriendsmobile.R$id: int textSpacerNoButtons
com.gibeom.ofriendsmobile.R$id: int largeLabel
com.gibeom.ofriendsmobile.R$id: int action_mode_bar
com.gibeom.ofriendsmobile.R$id: int textSpacerNoTitle
com.gibeom.ofriendsmobile.R$id: int save_non_transition_alpha
com.gibeom.ofriendsmobile.R$id: int visible_removing_fragment_view_tag
com.gibeom.ofriendsmobile.R$id: int icon
com.gibeom.ofriendsmobile.R$id: int rounded
com.gibeom.ofriendsmobile.R$id: int notification_background
com.gibeom.ofriendsmobile.data.local.AppDatabase: AppDatabase()
com.gibeom.ofriendsmobile.R$id: int normal
com.gibeom.ofriendsmobile.R$id: int mtrl_picker_header
com.gibeom.ofriendsmobile.R$id: int design_menu_item_action_area_stub
com.gibeom.ofriendsmobile.R$id: int moreFragment
com.gibeom.ofriendsmobile.R$id: int title_template
com.gibeom.ofriendsmobile.R$id: int textEnd
com.gibeom.ofriendsmobile.R$id: int tag_transition_group
com.gibeom.ofriendsmobile.R$id: int forever
com.gibeom.ofriendsmobile.R$id: int tag_accessibility_actions
com.gibeom.ofriendsmobile.R$id: int tVDePrice
com.gibeom.ofriendsmobile.R$id: int fill_horizontal
com.gibeom.ofriendsmobile.R$id: int bottom
com.gibeom.ofriendsmobile.R$id: int top
com.gibeom.ofriendsmobile.R$id: int tVRiPrice
com.gibeom.ofriendsmobile.R$id: int italic
com.gibeom.ofriendsmobile.data.local.AppDatabase
com.gibeom.ofriendsmobile.R$id: int action_image
com.gibeom.ofriendsmobile.R$id: int search_close_btn
com.gibeom.ofriendsmobile.R$id: int iVBorder3
com.gibeom.ofriendsmobile.R$id: int productDetailFragment
com.gibeom.ofriendsmobile.R$id: int test_checkbox_app_button_tint
com.gibeom.ofriendsmobile.R$id: int tVPlaying
com.gibeom.ofriendsmobile.R$id: int parentPanel
com.gibeom.ofriendsmobile.R$id: int text_input_start_icon
com.gibeom.ofriendsmobile.R$id: int tLIndicator
com.gibeom.ofriendsmobile.R$id: int iCPromoTB
com.gibeom.ofriendsmobile.R$id: int accessibility_custom_action_4
com.gibeom.ofriendsmobile.R$id: int mtrl_picker_text_input_range_start
com.gibeom.ofriendsmobile.R$id: int onDateChanged
com.gibeom.ofriendsmobile.R$id: int clip_horizontal
com.gibeom.ofriendsmobile.R$id: int tag_screen_reader_focusable
...
com.facebook.stetho.server.http.ExactPathMatcher: boolean match(java.lang.String)
androidx.navigation.fragment.R$id: int action_text
com.google.android.material.R$attr: int pressedTranslationZ
androidx.recyclerview.widget.RecyclerView: void invalidateGlows()
com.facebook.stetho.BuildConfig: java.lang.String APPLICATION_ID
androidx.recyclerview.widget.RecyclerView: int computeVerticalScrollRange()
com.facebook.stetho.inspector.protocol.module.Runtime$ObjectType: com.facebook.stetho.inspector.protocol.module.Runtime$ObjectType[] values()
com.google.android.material.R$dimen: int mtrl_fab_min_touch_target
com.google.android.material.R$style: int Widget_Design_TabLayout
com.google.android.material.R$styleable: int MaterialButton_icon
androidx.navigation.R$id: int accessibility_custom_action_30
okhttp3.Cache$Entry: long receivedResponseMillis
com.google.android.material.R$attr: int materialCalendarTheme
okhttp3.internal.connection.RealConnection$1
okhttp3.CertificatePinner$Builder: okhttp3.CertificatePinner$Builder add(java.lang.String,java.lang.String[])
com.facebook.stetho.inspector.protocol.module.Network$WebSocketCreatedParams: java.lang.String requestId
com.facebook.stetho.common.android.HandlerUtil: void verifyThreadAccess(android.os.Handler)
com.google.android.material.R$layout: int mtrl_calendar_year
com.facebook.stetho.okhttp3.R$styleable: int LinearLayoutCompat_Layout_android_layout_width
com.google.android.material.transformation.FabTransformationBehavior: FabTransformationBehavior(android.content.Context,android.util.AttributeSet)
androidx.appcompat.widget.AppCompatImageView: void setSupportImageTintMode(android.graphics.PorterDuff$Mode)
okhttp3.internal.cache.DiskLruCache: okhttp3.internal.cache.DiskLruCache$Editor edit(java.lang.String)
com.facebook.stetho.common.ListUtil$ThreeItemImmutableList: java.lang.Object get(int)
com.google.android.material.chip.ChipGroup: int getChipSpacingVertical()
com.google.android.material.chip.Chip: void setChipStrokeWidth(float)
androidx.constraintlayout.widget.Guideline
com.facebook.stetho.inspector.protocol.module.Network$Response: int status
com.facebook.stetho.R$styleable: int Toolbar_android_gravity
okhttp3.MultipartBody: okhttp3.MediaType PARALLEL
com.facebook.stetho.server.LocalSocketServer: java.util.concurrent.atomic.AtomicInteger mThreadId
com.facebook.stetho.inspector.elements.android.ViewDescriptor: void onGetStyles(android.view.View,java.lang.String,com.facebook.stetho.inspector.elements.StyleAccumulator)
com.google.android.material.R$id: int forever
com.google.android.material.R$styleable: int TabLayout_tabRippleColor
androidx.appcompat.R$bool: int abc_config_actionMenuItemAllCaps
androidx.appcompat.R$styleable: int SwitchCompat_thumbTint
com.google.android.material.circularreveal.CircularRevealFrameLayout: void setCircularRevealScrimColor(int)
okhttp3.internal.cache.DiskLruCache$1: void run()
com.facebook.stetho.dumpapp.plugins.FilesDumperPlugin: void copy(java.io.InputStream,java.io.OutputStream,byte[])
com.facebook.stetho.inspector.network.ResponseHandlingInputStream: com.facebook.stetho.inspector.helper.ChromePeerManager mNetworkPeerManager
androidx.appcompat.widget.AppCompatTextView: void setBackgroundResource(int)
okhttp3.CipherSuite: okhttp3.CipherSuite TLS_FALLBACK_SCSV
com.facebook.stetho.inspector.network.ResponseBodyFileManager$AsyncPrettyPrintingCallable: com.facebook.stetho.inspector.network.AsyncPrettyPrinter mAsyncPrettyPrinter
com.facebook.stetho.server.ServerManager: ServerManager(com.facebook.stetho.server.LocalSocketServer)
com.google.android.material.R$attr: int fontProviderFetchStrategy
com.google.android.material.R$dimen: int design_tab_text_size
com.facebook.stetho.inspector.elements.android.AndroidDocumentProvider: void access$500(com.facebook.stetho.inspector.elements.android.AndroidDocumentProvider,com.facebook.stetho.common.Accumulator)
okhttp3.internal.http2.Hpack: int PREFIX_4_BITS