app/build/outputs/mapping/release/mapping.txt
# compiler: R8
# compiler_version: 1.6.67
# min_api: 21
# pg_map_id: 479b33a
# common_typos_disable
com.gibeom.ofriendsmobile.DataBinderMapperImpl -> f.a.a.b:
    android.util.SparseIntArray INTERNAL_LAYOUT_ID_LOOKUP -> a
    java.util.List collectDependencies() -> a
    androidx.databinding.ViewDataBinding getDataBinder(androidx.databinding.DataBindingComponent,android.view.View,int) -> a
    androidx.databinding.ViewDataBinding getDataBinder(androidx.databinding.DataBindingComponent,android.view.View[],int) -> a
com.gibeom.ofriendsmobile.GlideModule -> com.gibeom.ofriendsmobile.GlideModule:
    1:1:com.bumptech.glide.Registry com.bumptech.glide.Glide.getRegistry():0:0 -> a
    1:1:void registerComponents(android.content.Context,com.bumptech.glide.Glide,com.bumptech.glide.Registry):0 -> a
    2:2:void registerComponents(android.content.Context,com.bumptech.glide.Glide,com.bumptech.glide.Registry):0:0 -> a
    3:3:boolean kotlin.collections.CollectionsKt__MutableCollectionsKt.filterInPlace$CollectionsKt__MutableCollectionsKt(java.util.List,kotlin.jvm.functions.Function1,boolean):0:0 -> a
    3:3:boolean kotlin.collections.CollectionsKt__MutableCollectionsKt.removeAll(java.util.List,kotlin.jvm.functions.Function1):0 -> a
    3:3:void registerComponents(android.content.Context,com.bumptech.glide.Glide,com.bumptech.glide.Registry):0 -> a
    4:4:java.lang.Iterable kotlin.jvm.internal.TypeIntrinsics.asMutableIterable(java.lang.Object):0:0 -> a
    4:4:boolean kotlin.collections.CollectionsKt__MutableCollectionsKt.filterInPlace$CollectionsKt__MutableCollectionsKt(java.util.List,kotlin.jvm.functions.Function1,boolean):0 -> a
    4:4:boolean kotlin.collections.CollectionsKt__MutableCollectionsKt.removeAll(java.util.List,kotlin.jvm.functions.Function1):0 -> a
    4:4:void registerComponents(android.content.Context,com.bumptech.glide.Glide,com.bumptech.glide.Registry):0 -> a
com.gibeom.ofriendsmobile.GlideOptions -> f.a.a.c:
    com.bumptech.glide.request.BaseRequestOptions apply(com.bumptech.glide.request.BaseRequestOptions) -> a
    com.gibeom.ofriendsmobile.GlideOptions apply(com.bumptech.glide.request.BaseRequestOptions) -> a
    1:1:com.gibeom.ofriendsmobile.GlideOptions autoClone():0:0 -> a
    1:1:com.bumptech.glide.request.BaseRequestOptions autoClone():0 -> a
    2:2:com.gibeom.ofriendsmobile.GlideOptions decode(java.lang.Class):0:0 -> a
    2:2:com.bumptech.glide.request.BaseRequestOptions decode(java.lang.Class):0 -> a
    3:3:com.gibeom.ofriendsmobile.GlideOptions diskCacheStrategy(com.bumptech.glide.load.engine.DiskCacheStrategy):0:0 -> a
    3:3:com.bumptech.glide.request.BaseRequestOptions diskCacheStrategy(com.bumptech.glide.load.engine.DiskCacheStrategy):0 -> a
    4:4:com.gibeom.ofriendsmobile.GlideOptions downsample(com.bumptech.glide.load.resource.bitmap.DownsampleStrategy):0:0 -> a
    4:4:com.bumptech.glide.request.BaseRequestOptions downsample(com.bumptech.glide.load.resource.bitmap.DownsampleStrategy):0 -> a
    5:5:com.gibeom.ofriendsmobile.GlideOptions error(int):0:0 -> a
    5:5:com.bumptech.glide.request.BaseRequestOptions error(int):0 -> a
    6:6:com.gibeom.ofriendsmobile.GlideOptions override(int,int):0:0 -> a
    6:6:com.bumptech.glide.request.BaseRequestOptions override(int,int):0 -> a
    7:7:com.gibeom.ofriendsmobile.GlideOptions priority(com.bumptech.glide.Priority):0:0 -> a
...
kotlinx.coroutines.ChildHandleNode -> h.a.m:
    kotlinx.coroutines.ChildJob childJob -> i
    1:1:void kotlin.jvm.internal.Intrinsics.checkParameterIsNotNull(java.lang.Object,java.lang.String):0:0 -> <init>
    1:1:void <init>(kotlinx.coroutines.JobSupport,kotlinx.coroutines.ChildJob):0 -> <init>
    1:1:void kotlin.jvm.internal.Intrinsics.checkParameterIsNotNull(java.lang.Object,java.lang.String):0:0 -> a
    1:1:boolean childCancelled(java.lang.Throwable):0 -> a
    java.lang.Object invoke(java.lang.Object) -> b
    void invoke(java.lang.Throwable) -> b
kotlinx.coroutines.ChildJob -> h.a.n:
    void parentCancelled(kotlinx.coroutines.ParentJob) -> a
kotlinx.coroutines.CommonPool -> h.a.o:
    kotlinx.coroutines.CommonPool INSTANCE -> f
    int requestedParallelism -> e
    1:1:java.lang.Integer kotlin.text.StringsKt__StringNumberConversionsKt.toIntOrNull(java.lang.String,int):0:0 -> <clinit>
    1:1:java.lang.Integer kotlin.text.StringsKt__StringNumberConversionsKt.toIntOrNull(java.lang.String):0 -> <clinit>
    1:1:void <clinit>():0 -> <clinit>
    2:2:int kotlin.text.CharsKt__CharJVMKt.digitOf(char,int):0:0 -> <clinit>
    2:2:java.lang.Integer kotlin.text.StringsKt__StringNumberConversionsKt.toIntOrNull(java.lang.String,int):0 -> <clinit>
    2:2:java.lang.Integer kotlin.text.StringsKt__StringNumberConversionsKt.toIntOrNull(java.lang.String):0 -> <clinit>
    2:2:void <clinit>():0 -> <clinit>
    3:3:java.lang.Integer kotlin.text.StringsKt__StringNumberConversionsKt.toIntOrNull(java.lang.String,int):0:0 -> <clinit>
    3:3:java.lang.Integer kotlin.text.StringsKt__StringNumberConversionsKt.toIntOrNull(java.lang.String):0 -> <clinit>
    3:3:void <clinit>():0 -> <clinit>
    4:4:void <clinit>():0:0 -> <clinit>
    1:1:void kotlin.jvm.internal.Intrinsics.checkParameterIsNotNull(java.lang.Object,java.lang.String):0:0 -> a
    1:1:void dispatch(kotlin.coroutines.CoroutineContext,java.lang.Runnable):0 -> a
    java.util.concurrent.ExecutorService createPlainPool() -> s
    1:1:boolean isGoodCommonPool$kotlinx_coroutines_core(java.lang.Class,java.util.concurrent.ExecutorService):0:0 -> t
kotlinx.coroutines.CommonPool$createPlainPool$1 -> h.a.o$a:
    java.util.concurrent.atomic.AtomicInteger $threadId -> a
kotlinx.coroutines.CommonPool$isGoodCommonPool$1 -> h.a.p:
    kotlinx.coroutines.CommonPool$isGoodCommonPool$1 INSTANCE -> e
kotlinx.coroutines.CompletableJob -> h.a.q:
kotlinx.coroutines.CompletedExceptionally -> h.a.r:
    java.util.concurrent.atomic.AtomicIntegerFieldUpdater _handled$FU -> b
    java.lang.Throwable cause -> a
    1:1:void kotlin.jvm.internal.Intrinsics.checkParameterIsNotNull(java.lang.Object,java.lang.String):0:0 -> <init>
    1:1:void <init>(java.lang.Throwable,boolean):0 -> <init>
    2:2:void <init>(java.lang.Throwable,boolean):0:0 -> <init>
    2:2:void <init>(java.lang.Throwable,boolean,int,kotlin.jvm.internal.DefaultConstructorMarker):0 -> <init>
    3:3:void kotlin.jvm.internal.Intrinsics.checkParameterIsNotNull(java.lang.Object,java.lang.String):0:0 -> <init>
    3:3:void <init>(java.lang.Throwable,boolean):0 -> <init>
    3:3:void <init>(java.lang.Throwable,boolean,int,kotlin.jvm.internal.DefaultConstructorMarker):0 -> <init>
kotlinx.coroutines.CompletedIdempotentResult -> h.a.s:
    java.lang.Object result -> a
kotlinx.coroutines.CompletedWithCancellation -> h.a.t:
    java.lang.Object result -> a
    kotlin.jvm.functions.Function1 onCancellation -> b
kotlinx.coroutines.CompletionHandlerBase -> h.a.u:
    void invoke(java.lang.Throwable) -> b
kotlinx.coroutines.CompletionHandlerException -> h.a.v:
    1:1:void kotlin.jvm.internal.Intrinsics.checkParameterIsNotNull(java.lang.Object,java.lang.String):0:0 -> <init>
    1:1:void <init>(java.lang.String,java.lang.Throwable):0 -> <init>
kotlinx.coroutines.CopyableThrowable -> h.a.w:
    java.lang.Throwable createCopy() -> a