app/build/outputs/mapping/release/usage.txt
com.gibeom.ofriendsmobile.productdetail.ui.ProductDetailViewModel_Factory:
    public static com.gibeom.ofriendsmobile.productdetail.ui.ProductDetailViewModel newInstance(com.gibeom.ofriendsmobile.repository.ProductDetailRepository)
com.gibeom.ofriendsmobile.home.ui.adapter.CategoryAdapter_Factory
com.gibeom.ofriendsmobile.home.data.CollaborationBanners
com.gibeom.ofriendsmobile.home.ui.HomeViewModel:
    public final void setSearchTotalNumber(androidx.lifecycle.MutableLiveData)
    public final void setSelectedTab(androidx.lifecycle.MutableLiveData)
    public final void setSelectedLifeMajorTab(androidx.lifecycle.MutableLiveData)
    public final void setSelectedLifeMinorTab(androidx.lifecycle.MutableLiveData)
    public final void setLifeQuery(androidx.lifecycle.MutableLiveData)
    public final void setSearchText(androidx.lifecycle.MutableLiveData)
    public final void setLifeQueryItems(androidx.lifecycle.LiveData)
    public final void setSearchQueryItems(androidx.lifecycle.LiveData)
    public final void setLifeNetworkStatus(androidx.lifecycle.MutableLiveData)
    public final androidx.lifecycle.LiveData getLifeNetworkStatus()
com.gibeom.ofriendsmobile.BR
com.gibeom.ofriendsmobile.di.FragmentBuildersModule_ContributeHomeFragment
com.gibeom.ofriendsmobile.di.MainActivityModule
com.gibeom.ofriendsmobile.home.ui.HomeFragment:
    public static final synthetic void access$setViewModel$p(com.gibeom.ofriendsmobile.home.ui.HomeFragment,com.gibeom.ofriendsmobile.home.ui.HomeViewModel)
    public static final synthetic void access$setBinding$p(com.gibeom.ofriendsmobile.home.ui.HomeFragment,com.gibeom.ofriendsmobile.databinding.FragmentHomeBinding)
    public static final synthetic void access$setBottomSheetBehavior$p(com.gibeom.ofriendsmobile.home.ui.HomeFragment,com.google.android.material.bottomsheet.BottomSheetBehavior)
    public final androidx.lifecycle.ViewModelProvider$Factory getViewModelFactory()
    public final void setViewModelFactory(androidx.lifecycle.ViewModelProvider$Factory)
    public android.view.View _$_findCachedViewById(int)
com.gibeom.ofriendsmobile.data.local.AppDatabase_Impl:
    public void clearAllTables()
com.gibeom.ofriendsmobile.databinding.ListItemBannerBinding:
    public static com.gibeom.ofriendsmobile.databinding.ListItemBannerBinding inflate(android.view.LayoutInflater,android.view.ViewGroup,boolean)
    public static com.gibeom.ofriendsmobile.databinding.ListItemBannerBinding inflate(android.view.LayoutInflater,android.view.ViewGroup,boolean,java.lang.Object)
    public static com.gibeom.ofriendsmobile.databinding.ListItemBannerBinding inflate(android.view.LayoutInflater)
    public static com.gibeom.ofriendsmobile.databinding.ListItemBannerBinding inflate(android.view.LayoutInflater,java.lang.Object)
    public static com.gibeom.ofriendsmobile.databinding.ListItemBannerBinding bind(android.view.View)
    public static com.gibeom.ofriendsmobile.databinding.ListItemBannerBinding bind(android.view.View,java.lang.Object)
com.gibeom.ofriendsmobile.promo.ui.PromoFragmentDirections:
    private void <init>()
...
com.google.android.material.shape.RoundedCornerTreatment:
    public void <init>(float)
kotlinx.coroutines.channels.ChannelsKt__Channels_commonKt$single$1
androidx.media.VolumeProviderCompat$ControlType
androidx.paging.PagedStorage:
    void <init>(int,java.util.List,int)
    int getLoadedCount()
androidx.constraintlayout.solver.widgets.ConstraintWidget$ContentAlignment
com.bumptech.glide.load.data.AssetPathFetcher:
    private static final java.lang.String TAG
androidx.cursoradapter.widget.SimpleCursorAdapter$ViewBinder
android.support.v4.media.session.IMediaSession:
    public abstract void sendCommand(java.lang.String,android.os.Bundle,android.support.v4.media.session.MediaSessionCompat$ResultReceiverWrapper)
    public abstract boolean sendMediaButton(android.view.KeyEvent)
    public abstract void unregisterCallbackListener(android.support.v4.media.session.IMediaControllerCallback)
    public abstract boolean isTransportControlEnabled()
    public abstract java.lang.String getPackageName()
    public abstract java.lang.String getTag()
    public abstract android.app.PendingIntent getLaunchPendingIntent()
    public abstract long getFlags()
    public abstract android.support.v4.media.session.ParcelableVolumeInfo getVolumeAttributes()
    public abstract void adjustVolume(int,int,java.lang.String)
    public abstract void setVolumeTo(int,int,java.lang.String)
    public abstract android.support.v4.media.MediaMetadataCompat getMetadata()
    public abstract android.support.v4.media.session.PlaybackStateCompat getPlaybackState()
    public abstract java.util.List getQueue()
    public abstract java.lang.CharSequence getQueueTitle()
    public abstract android.os.Bundle getExtras()
    public abstract int getRatingType()
    public abstract boolean isCaptioningEnabled()
    public abstract int getRepeatMode()
    public abstract boolean isShuffleModeEnabledRemoved()
    public abstract int getShuffleMode()
kotlinx.coroutines.flow.internal.SafeCollector$collectContextSize$1
androidx.annotation.InspectableProperty$EnumEntry
androidx.fragment.app.FragmentController:
    public androidx.loader.app.LoaderManager getSupportLoaderManager()
    public int getActiveFragmentsCount()
    public java.util.List getActiveFragments(java.util.List)
    public void restoreAllState(android.os.Parcelable,java.util.List)
    public void restoreAllState(android.os.Parcelable,androidx.fragment.app.FragmentManagerNonConfig)
    public java.util.List retainNonConfig()
    public androidx.fragment.app.FragmentManagerNonConfig retainNestedNonConfig()
    public void dispatchReallyStop()
    public void dispatchDestroyView()
    public void doLoaderStart()
    public void doLoaderStop(boolean)
    public void doLoaderRetain()
    public void doLoaderDestroy()
    public void reportLoaderStart()
    public androidx.collection.SimpleArrayMap retainLoaderNonConfig()
    public void restoreLoaderNonConfig(androidx.collection.SimpleArrayMap)
    public void dumpLoaders(java.lang.String,java.io.FileDescriptor,java.io.PrintWriter,java.lang.String[])
androidx.media.MediaBrowserServiceCompat$MediaBrowserServiceImplApi26$1
com.bumptech.glide.request.transition.Transition$ViewAdapter:
    public abstract android.view.View getView()
    public abstract android.graphics.drawable.Drawable getCurrentDrawable()
    public abstract void setDrawable(android.graphics.drawable.Drawable)
kotlinx.coroutines.selects.SelectBuilderImpl$AtomicSelectOp
com.google.android.material.internal.NavigationMenuPresenter$NavigationMenuSeparatorItem
androidx.work.impl.utils.WakeLocks:
    private void <init>()
androidx.media.MediaBrowserServiceCompatApi23$MediaBrowserServiceAdaptor